<?xml version="1.0" encoding="utf-8" standalone="no"?>
<!--This file represents the results of running a test suite-->
<test-results name="C:\Development\T3ME\Solution\T3ME\T3ME.nunit" total="1" errors="1" failures="0" not-run="0" inconclusive="0" ignored="0" skipped="0" invalid="0" date="2011-01-09" time="17:43:13">
  <environment nunit-version="2.5.7.10213" clr-version="2.0.50727.4952" os-version="Microsoft Windows NT 6.1.7600.0" platform="Win32NT" cwd="C:\Program Files (x86)\NUnit 2.5.7\bin\net-2.0" machine-name="LAMBO" user="Dominic Pettifer" user-domain="Lambo" />
  <culture-info current-culture="en-GB" current-uiculture="en-US" />
  <test-suite type="Project" name="C:\Development\T3ME\Solution\T3ME\T3ME.nunit" executed="True" result="Failure" success="False" time="0.352" asserts="0">
    <results>
      <test-suite type="Assembly" name="C:\Development\T3ME\Solution\T3ME\MvcLibrary.Tests\bin\Debug\MvcLibrary.Tests.dll" executed="True" result="Failure" success="False" time="0.340" asserts="0">
        <results>
          <test-suite type="Namespace" name="MvcLibrary" executed="True" result="Failure" success="False" time="0.340" asserts="0">
            <results>
              <test-suite type="Namespace" name="Tests" executed="True" result="Failure" success="False" time="0.338" asserts="0">
                <results>
                  <test-suite type="Namespace" name="AutoMapper" executed="True" result="Failure" success="False" time="0.329" asserts="0">
                    <results>
                      <test-suite type="TestFixture" name="AdvancedTypeConverterTests" executed="True" result="Failure" success="False" time="0.216" asserts="0">
                        <results>
                          <test-case name="MvcLibrary.Tests.AutoMapper.AdvancedTypeConverterTests.ConvertCore_ShouldBeCalled_WithValidType" executed="True" result="Error" success="False" time="0.199" asserts="0">
                            <failure>
                              <message><![CDATA[System.ArgumentException : Member AdvancedTypeConverter`2.ConvertCore does not exist.]]></message>
                              <stack-trace><![CDATA[at Moq.Protected.ProtectedMock`1.ThrowIfMemberMissing(String memberName, MemberInfo member)
at Moq.Protected.ProtectedMock`1.Setup[TResult](String methodName, Object[] args)
at MvcLibrary.Tests.AutoMapper.AdvancedTypeConverterTests.ConvertCore_ShouldBeCalled_WithValidType() in C:\Development\T3ME\Solution\T3ME\MvcLibrary.Tests\AutoMapper\AdvancedTypeConverterTests.cs:line 45
]]></stack-trace>
                            </failure>
                          </test-case>
                        </results>
                      </test-suite>
                    </results>
                  </test-suite>
                </results>
              </test-suite>
            </results>
          </test-suite>
        </results>
      </test-suite>
    </results>
  </test-suite>
</test-results>